This is pdfTeX, Version 3.1415926-2.3-1.40.12 (MiKTeX 2.9) (preloaded format=pdflatex 2011.10.9)  12 OCT 2011 23:31
entering extended mode
**C:/master/master_thesis/paper/thesis.tex
(C:/master/master_thesis/paper/thesis.tex
LaTeX2e <2011/06/27>
Babel <v3.8m> and hyphenation patterns for english, afrikaans, ancientgreek, ar
abic, armenian, assamese, basque, bengali, bokmal, bulgarian, catalan, coptic, 
croatian, czech, danish, dutch, esperanto, estonian, farsi, finnish, french, ga
lician, german, german-x-2009-06-19, greek, gujarati, hindi, hungarian, iceland
ic, indonesian, interlingua, irish, italian, kannada, kurmanji, lao, latin, lat
vian, lithuanian, malayalam, marathi, mongolian, mongolianlmc, monogreek, ngerm
an, ngerman-x-2009-06-19, nynorsk, oriya, panjabi, pinyin, polish, portuguese, 
romanian, russian, sanskrit, serbian, slovak, slovenian, spanish, swedish, swis
sgerman, tamil, telugu, turkish, turkmen, ukenglish, ukrainian, uppersorbian, u
senglishmax, welsh, loaded.
(C:\master\master_thesis\paper\Latex/Classes/PhDthesisPSnPDF.cls
Document Class: Latex/Classes/PhDthesisPSnPDF 2007/09/06 v2 PhD thesis class
(C:\miktex\tex\latex\base\book.cls
Document Class: book 2007/10/19 v1.4h Standard LaTeX document class
(C:\miktex\tex\latex\base\bk11.clo
File: bk11.clo 2007/10/19 v1.4h Standard LaTeX file (size option)
)
\c@part=\count79
\c@chapter=\count80
\c@section=\count81
\c@subsection=\count82
\c@subsubsection=\count83
\c@paragraph=\count84
\c@subparagraph=\count85
\c@figure=\count86
\c@table=\count87
\abovecaptionskip=\skip41
\belowcaptionskip=\skip42
\bibindent=\dimen102
) (C:\miktex\tex\latex\amsfonts\amssymb.sty
Package: amssymb 2009/06/22 v3.00

(C:\miktex\tex\latex\amsfonts\amsfonts.sty
Package: amsfonts 2009/06/22 v3.00 Basic AMSFonts support
\@emptytoks=\toks14
\symAMSa=\mathgroup4
\symAMSb=\mathgroup5
LaTeX Font Info:    Overwriting math alphabet `\mathfrak' in version `bold'
(Font)                  U/euf/m/n --> U/euf/b/n on input line 96.
))
(C:\miktex\tex\latex\graphics\graphics.sty
Package: graphics 2009/02/05 v1.0o Standard LaTeX Graphics (DPC,SPQR)

(C:\miktex\tex\latex\graphics\trig.sty
Package: trig 1999/03/16 v1.09 sin cos tan (DPC)
)
(C:\miktex\tex\latex\00miktex\graphics.cfg
File: graphics.cfg 2007/01/18 v1.5 graphics configuration of teTeX/TeXLive
)
Package graphics Info: Driver file: pdftex.def on input line 91.

(C:\miktex\tex\latex\pdftex-def\pdftex.def
File: pdftex.def 2011/05/27 v0.06d Graphics/color for pdfTeX

(C:\miktex\tex\generic\oberdiek\infwarerr.sty
Package: infwarerr 2010/04/08 v1.3 Providing info/warning/message (HO)
)
(C:\miktex\tex\generic\oberdiek\ltxcmds.sty
Package: ltxcmds 2011/04/18 v1.20 LaTeX kernel commands for general use (HO)
)
\Gread@gobject=\count88
))
(C:\miktex\tex\latex\caption\caption.sty
Package: caption 2011/08/18 v3.2b Customizing captions (AR)

(C:\miktex\tex\latex\caption\caption3.sty
Package: caption3 2011/08/18 v1.3b caption3 kernel (AR)

(C:\miktex\tex\latex\graphics\keyval.sty
Package: keyval 1999/03/16 v1.13 key=value parser (DPC)
\KV@toks@=\toks15
)
\captionmargin=\dimen103
\captionmargin@=\dimen104
\captionwidth=\dimen105
\caption@indent=\dimen106
\caption@parindent=\dimen107
\caption@hangindent=\dimen108
)
\c@ContinuedFloat=\count89
)
(C:\miktex\tex\latex\fancyhdr\fancyhdr.sty
\fancy@headwidth=\skip43
\f@ncyO@elh=\skip44
\f@ncyO@erh=\skip45
\f@ncyO@olh=\skip46
\f@ncyO@orh=\skip47
\f@ncyO@elf=\skip48
\f@ncyO@erf=\skip49
\f@ncyO@olf=\skip50
\f@ncyO@orf=\skip51
)
(C:\miktex\tex\latex\amsfonts\eucal.sty
Package: eucal 2009/06/22 v3.00 Euler Script fonts
LaTeX Font Info:    Overwriting math alphabet `\EuScript' in version `bold'
(Font)                  U/eus/m/n --> U/eus/b/n on input line 33.
) (C:\miktex\tex\generic\babel\babel.sty
Package: babel 2008/07/08 v3.8m The Babel package
*************************************
* Local config file bblopts.cfg used
*
(C:\miktex\tex\latex\00miktex\bblopts.cfg
File: bblopts.cfg 2006/07/31 v1.0 MiKTeX 'babel' configuration
)
(C:\miktex\tex\generic\babel\english.ldf
Language: english 2005/03/30 v3.3o English support from the babel system
 (C:\miktex\tex\generic\babel\babel.def
File: babel.def 2008/07/08 v3.8m Babel common definitions
\babel@savecnt=\count90
\U@D=\dimen109
)
\l@canadian = a dialect from \language\l@american 
\l@australian = a dialect from \language\l@british 
\l@newzealand = a dialect from \language\l@british 
)) (C:\miktex\tex\latex\graphics\color.sty
Package: color 2005/11/14 v1.0j Standard LaTeX Color (DPC)

(C:\miktex\tex\latex\00miktex\color.cfg
File: color.cfg 2007/01/18 v1.5 color configuration of teTeX/TeXLive
)
Package color Info: Driver file: pdftex.def on input line 130.

(C:\miktex\tex\latex\graphics\dvipsnam.def
File: dvipsnam.def 1999/02/16 v3.0i Driver-dependant file (DPC,SPQR)
))
(C:\miktex\tex\latex\footmisc\footmisc.sty
Package: footmisc 2011/06/06 v5.5b a miscellany of footnote facilities
\FN@temptoken=\toks16
\footnotemargin=\dimen110
\c@pp@next@reset=\count91
\c@@fnserial=\count92
Package footmisc Info: Declaring symbol style bringhurst on input line 855.
Package footmisc Info: Declaring symbol style chicago on input line 863.
Package footmisc Info: Declaring symbol style wiley on input line 872.
Package footmisc Info: Declaring symbol style lamport-robust on input line 883.

Package footmisc Info: Declaring symbol style lamport* on input line 903.
Package footmisc Info: Declaring symbol style lamport*-robust on input line 924
.
)
(C:\miktex\tex\latex\natbib\natbib.sty
Package: natbib 2010/09/13 8.31b (PWD, AO)
\bibhang=\skip52
\bibsep=\skip53
LaTeX Info: Redefining \cite on input line 694.
\c@NAT@ctr=\count93
) (C:\miktex\tex\latex\base\ifthen.sty
Package: ifthen 2001/05/26 v1.1c Standard LaTeX ifthen package (DPC)
)
(C:\miktex\tex\latex\tools\multicol.sty
Package: multicol 2011/06/27 v1.7a multicolumn formatting (FMi)
\c@tracingmulticols=\count94
\mult@box=\box26
\multicol@leftmargin=\dimen111
\c@unbalance=\count95
\c@collectmore=\count96
\doublecol@number=\count97
\multicoltolerance=\count98
\multicolpretolerance=\count99
\full@width=\dimen112
\page@free=\dimen113
\premulticols=\dimen114
\postmulticols=\dimen115
\multicolsep=\skip54
\multicolbaselineskip=\skip55
\partial@page=\box27
\last@line=\box28
\mult@rightbox=\box29
\mult@grightbox=\box30
\mult@gfirstbox=\box31
\mult@firstbox=\box32
\@tempa=\box33
\@tempa=\box34
\@tempa=\box35
\@tempa=\box36
\@tempa=\box37
\@tempa=\box38
\@tempa=\box39
\@tempa=\box40
\@tempa=\box41
\@tempa=\box42
\@tempa=\box43
\@tempa=\box44
\@tempa=\box45
\@tempa=\box46
\@tempa=\box47
\@tempa=\box48
\@tempa=\box49
\c@columnbadness=\count100
\c@finalcolumnbadness=\count101
\last@try=\dimen116
\multicolovershoot=\dimen117
\multicolundershoot=\dimen118
\mult@nat@firstbox=\box50
\colbreak@box=\box51
\multicol@sort@counter=\count102
)
(C:\miktex\tex\latex\tocbibind\tocbibind.sty
Package: tocbibind 2010/10/13 v1.5k extra ToC listings
Package tocbibind Info: The document has chapter divisions on input line 50.


Package tocbibind Note: Using chapter style headings, unless overridden.

) (C:\miktex\tex\latex\nomencl\nomencl.sty
Package: nomencl 2005/09/22 v4.2 Nomenclature package (LN)
\nomlabelwidth=\dimen119
\nom@tempdim=\dimen120
\nomitemsep=\skip56
)
\@nomenclaturefile=\write3

Writing nomenclature file thesis.nlo
(C:\miktex\tex\generic\oberdiek\ifpdf.sty
Package: ifpdf 2011/01/30 v2.3 Provides the ifpdf switch (HO)
Package ifpdf Info: pdfTeX in PDF mode is detected.
)
(C:\miktex\tex\latex\hyperref\hyperref.sty
Package: hyperref 2011/08/19 v6.82h Hypertext links for LaTeX

(C:\miktex\tex\generic\oberdiek\hobsub-hyperref.sty
Package: hobsub-hyperref 2011/04/23 v1.4 Bundle oberdiek, subset hyperref (HO)

(C:\miktex\tex\generic\oberdiek\hobsub-generic.sty
Package: hobsub-generic 2011/04/23 v1.4 Bundle oberdiek, subset generic (HO)
Package: hobsub 2011/04/23 v1.4 Subsetting bundle oberdiek (HO)
Package hobsub Info: Skipping package `infwarerr' (already loaded).
Package hobsub Info: Skipping package `ltxcmds' (already loaded).
Package: ifluatex 2010/03/01 v1.3 Provides the ifluatex switch (HO)
Package ifluatex Info: LuaTeX not detected.
Package: ifvtex 2010/03/01 v1.5 Switches for detecting VTeX and its modes (HO)
Package ifvtex Info: VTeX not detected.
Package: intcalc 2007/09/27 v1.1 Expandable integer calculations (HO)
Package hobsub Info: Skipping package `ifpdf' (already loaded).
Package: etexcmds 2011/02/16 v1.5 Prefix for e-TeX command names (HO)
Package etexcmds Info: Could not find \expanded.
(etexcmds)             That can mean that you are not using pdfTeX 1.50 or
(etexcmds)             that some package has redefined \expanded.
(etexcmds)             In the latter case, load this package earlier.
Package: kvsetkeys 2011/04/07 v1.13 Key value parser (HO)
Package: kvdefinekeys 2011/04/07 v1.3 Defining keys (HO)
Package: pdftexcmds 2011/04/22 v0.16 Utilities of pdfTeX for LuaTeX (HO)
Package pdftexcmds Info: LuaTeX not detected.
Package pdftexcmds Info: \pdf@primitive is available.
Package pdftexcmds Info: \pdf@ifprimitive is available.
Package pdftexcmds Info: \pdfdraftmode found.
Package: pdfescape 2011/04/04 v1.12 Provides string conversions (HO)
Package: bigintcalc 2011/01/30 v1.2 Expandable big integer calculations (HO)
Package: bitset 2011/01/30 v1.1 Data type bit set (HO)
Package: uniquecounter 2011/01/30 v1.2 Provides unlimited unique counter (HO)
)
Package hobsub Info: Skipping package `hobsub' (already loaded).
Package: letltxmacro 2010/09/02 v1.4 Let assignment for LaTeX macros (HO)
Package: hopatch 2011/01/30 v1.0 Wrapper for package hooks (HO)
Package: xcolor-patch 2011/01/30 xcolor patch
Package: atveryend 2011/04/23 v1.7 Hooks at very end of document (HO)
Package: atbegshi 2011/01/30 v1.15 At begin shipout hook (HO)
Package: refcount 2010/12/01 v3.2 Data extraction from references (HO)
Package: hycolor 2011/01/30 v1.7 Color options of hyperref/bookmark (HO)
)
(C:\miktex\tex\generic\ifxetex\ifxetex.sty
Package: ifxetex 2010/09/12 v0.6 Provides ifxetex conditional
)
(C:\miktex\tex\latex\oberdiek\kvoptions.sty
Package: kvoptions 2010/12/23 v3.10 Keyval support for LaTeX options (HO)
)
\@linkdim=\dimen121
\Hy@linkcounter=\count103
\Hy@pagecounter=\count104

(C:\miktex\tex\latex\hyperref\pd1enc.def
File: pd1enc.def 2011/08/19 v6.82h Hyperref: PDFDocEncoding definition (HO)
)
\Hy@SavedSpaceFactor=\count105

(C:\miktex\tex\latex\00miktex\hyperref.cfg
File: hyperref.cfg 2002/06/06 v1.2 hyperref configuration of TeXLive
)
Package hyperref Info: Option `plainpages' set `false' on input line 3932.
Package hyperref Info: Option `pdfpagelabels' set `true' on input line 3932.


Package hyperref Warning: Values of option `pdfpagelayout':
(hyperref)                * `SinglePage'
(hyperref)                * `OneColumn'
(hyperref)                * `TwoColumnLeft'
(hyperref)                * `TwoColumnRight'
(hyperref)                * `TwoPageLeft' (PDF 1.5)
(hyperref)                * `TwoPageRight' (PDF 1.5)
(hyperref)                * An empty value disables the option.
(hyperref)                Unknown value `useoutlines' on input line 3932.

Package hyperref Info: Option `bookmarks' set `true' on input line 3932.
Package hyperref Info: Option `bookmarksopen' set `true' on input line 3932.
Package hyperref Info: Option `bookmarksnumbered' set `true' on input line 3932
.
Package hyperref Info: Option `breaklinks' set `true' on input line 3932.
Package hyperref Info: Option `linktocpage' set `true' on input line 3932.
Package hyperref Info: Option `colorlinks' set `false' on input line 3932.
Package hyperref Info: Option `hyperindex' set `true' on input line 3932.
Package hyperref Info: Option `hyperfigures' set `true' on input line 3932.
Package hyperref Info: Hyper figures ON on input line 4051.
Package hyperref Info: Link nesting OFF on input line 4058.
Package hyperref Info: Hyper index ON on input line 4061.
Package hyperref Info: Plain pages OFF on input line 4068.
Package hyperref Info: Backreferencing ON on input line 4071.
Package hyperref Info: Implicit mode ON; LaTeX internals redefined.
Package hyperref Info: Bookmarks ON on input line 4291.
(C:\miktex\tex\latex\hyperref\backref.sty
Package: backref 2010/08/30 v1.36 Bibliographical back referencing

(C:\miktex\tex\latex\oberdiek\rerunfilecheck.sty
Package: rerunfilecheck 2011/04/15 v1.7 Rerun checks for auxiliary files (HO)
Package uniquecounter Info: New unique counter `rerunfilecheck' on input line 2
82.
))
\c@Hy@tempcnt=\count106

(C:\miktex\tex\latex\ltxmisc\url.sty
\Urlmuskip=\muskip10
Package: url 2006/04/12  ver 3.3  Verb mode for urls, etc.
)
LaTeX Info: Redefining \url on input line 4644.
\Fld@menulength=\count107
\Field@Width=\dimen122
\Fld@charsize=\dimen123
Package hyperref Info: Hyper figures ON on input line 5728.
Package hyperref Info: Link nesting OFF on input line 5735.
Package hyperref Info: Hyper index ON on input line 5738.
Package hyperref Info: backreferencing ON on input line 5743.
Package hyperref Info: Link coloring OFF on input line 5750.
Package hyperref Info: Link coloring with OCG OFF on input line 5755.
Package hyperref Info: PDF/A mode OFF on input line 5760.
LaTeX Info: Redefining \ref on input line 5800.
LaTeX Info: Redefining \pageref on input line 5804.
\Hy@abspage=\count108
\c@Item=\count109
\c@Hfootnote=\count110
)

Package hyperref Message: Driver: hpdftex.

(C:\miktex\tex\latex\hyperref\hpdftex.def
File: hpdftex.def 2011/08/19 v6.82h Hyperref driver for pdfTeX
\Fld@listcount=\count111
\c@bookmark@seq@number=\count112
\Hy@SectionHShift=\skip57
)
(C:\miktex\tex\latex\graphics\graphicx.sty
Package: graphicx 1999/02/16 v1.0f Enhanced LaTeX Graphics (DPC,SPQR)
\Gin@req@height=\dimen124
\Gin@req@width=\dimen125
))
\@input{Latex/Macros/MacroFile1.aux}
(C:\master\master_thesis\paper\Latex/Macros/MacroFile1.tex)
(C:\miktex\tex\latex\ams\math\amsmath.sty
Package: amsmath 2000/07/18 v2.13 AMS math features
\@mathmargin=\skip58

For additional information on amsmath, use the `?' option.
(C:\miktex\tex\latex\ams\math\amstext.sty
Package: amstext 2000/06/29 v2.01

(C:\miktex\tex\latex\ams\math\amsgen.sty
File: amsgen.sty 1999/11/30 v2.0
\@emptytoks=\toks17
\ex@=\dimen126
))
(C:\miktex\tex\latex\ams\math\amsbsy.sty
Package: amsbsy 1999/11/29 v1.2d
\pmbraise@=\dimen127
)
(C:\miktex\tex\latex\ams\math\amsopn.sty
Package: amsopn 1999/12/14 v2.01 operator names
)
\inf@bad=\count113
LaTeX Info: Redefining \frac on input line 211.
\uproot@=\count114
\leftroot@=\count115
LaTeX Info: Redefining \overline on input line 307.
\classnum@=\count116
\DOTSCASE@=\count117
LaTeX Info: Redefining \ldots on input line 379.
LaTeX Info: Redefining \dots on input line 382.
LaTeX Info: Redefining \cdots on input line 467.
\Mathstrutbox@=\box52
\strutbox@=\box53
\big@size=\dimen128
LaTeX Font Info:    Redeclaring font encoding OML on input line 567.
LaTeX Font Info:    Redeclaring font encoding OMS on input line 568.
\macc@depth=\count118
\c@MaxMatrixCols=\count119
\dotsspace@=\muskip11
\c@parentequation=\count120
\dspbrk@lvl=\count121
\tag@help=\toks18
\row@=\count122
\column@=\count123
\maxfields@=\count124
\andhelp@=\toks19
\eqnshift@=\dimen129
\alignsep@=\dimen130
\tagshift@=\dimen131
\tagwidth@=\dimen132
\totwidth@=\dimen133
\lineht@=\dimen134
\@envbody=\toks20
\multlinegap=\skip59
\multlinetaggap=\skip60
\mathdisplay@stack=\toks21
LaTeX Info: Redefining \[ on input line 2666.
LaTeX Info: Redefining \] on input line 2667.
)
(C:\master\master_thesis\paper\thesis.aux
(C:\master\master_thesis\paper\0_frontmatter/abstract.aux)
(C:\master\master_thesis\paper\introduction/introduction.aux)
(C:\master\master_thesis\paper\tools/tools.aux

LaTeX Warning: Label `eg:after_perspective_projection' multiply defined.

) (C:\master\master_thesis\paper\techniques/techniques.aux))
LaTeX Font Info:    Checking defaults for OML/cmm/m/it on input line 89.
LaTeX Font Info:    ... okay on input line 89.
LaTeX Font Info:    Checking defaults for T1/cmr/m/n on input line 89.
LaTeX Font Info:    ... okay on input line 89.
LaTeX Font Info:    Checking defaults for OT1/cmr/m/n on input line 89.
LaTeX Font Info:    ... okay on input line 89.
LaTeX Font Info:    Checking defaults for OMS/cmsy/m/n on input line 89.
LaTeX Font Info:    ... okay on input line 89.
LaTeX Font Info:    Checking defaults for OMX/cmex/m/n on input line 89.
LaTeX Font Info:    ... okay on input line 89.
LaTeX Font Info:    Checking defaults for U/cmr/m/n on input line 89.
LaTeX Font Info:    ... okay on input line 89.
LaTeX Font Info:    Checking defaults for PD1/pdf/m/n on input line 89.
LaTeX Font Info:    ... okay on input line 89.

(C:\miktex\tex\context\base\supp-pdf.mkii
[Loading MPS to PDF converter (version 2006.09.02).]
\scratchcounter=\count125
\scratchdimen=\dimen135
\scratchbox=\box54
\nofMPsegments=\count126
\nofMParguments=\count127
\everyMPshowfont=\toks22
\MPscratchCnt=\count128
\MPscratchDim=\dimen136
\MPnumerator=\count129
\makeMPintoPDFobject=\count130
\everyMPtoPDFconversion=\toks23
)
Package caption Info: Begin \AtBeginDocument code.
Package caption Info: hyperref package is loaded.
Package caption Info: End \AtBeginDocument code.
\AtBeginShipoutBox=\box55
Package backref Info: ** backref set up for natbib ** on input line 89.
Package hyperref Info: Link coloring OFF on input line 89.
 (C:\miktex\tex\latex\hyperref\nameref.sty
Package: nameref 2010/04/30 v2.40 Cross-referencing by name of section

(C:\miktex\tex\generic\oberdiek\gettitlestring.sty
Package: gettitlestring 2010/12/03 v1.4 Cleanup title references (HO)
)
\c@section@level=\count131
)
LaTeX Info: Redefining \ref on input line 89.
LaTeX Info: Redefining \pageref on input line 89.
LaTeX Info: Redefining \nameref on input line 89.

(C:\master\master_thesis\paper\thesis.out)
(C:\master\master_thesis\paper\thesis.out)
\@outlinefile=\write4

<0_frontmatter/figures/logo.png, id=119, 301.125pt x 129.48375pt>
File: 0_frontmatter/figures/logo.png Graphic file (type png)

<use 0_frontmatter/figures/logo.png>
Package pdftex.def Info: 0_frontmatter/figures/logo.png used on input line 100.

(pdftex.def)             Requested size: 113.81102pt x 48.93958pt.
 [1



\FN@pp@footnotehinttrue 

{C:/Users/pjanisz/AppData/Local/MiKTeX/2.9/pdftex/config/pdftex.map} <C:/master
/master_thesis/paper/0_frontmatter/figures/logo.png>]
(C:\master\master_thesis\paper\0_frontmatter/abstract.tex [2

])
(C:\master\master_thesis\paper\thesis.toc
LaTeX Font Info:    Try loading font information for U+msa on input line 3.
 (C:\miktex\tex\latex\amsfonts\umsa.fd
File: umsa.fd 2009/06/22 v3.00 AMS symbols A
)
LaTeX Font Info:    Try loading font information for U+msb on input line 3.
 (C:\miktex\tex\latex\amsfonts\umsb.fd
File: umsb.fd 2009/06/22 v3.00 AMS symbols B
) [3
\FN@pp@footnotehinttrue 


])
\tf@toc=\write5
 [4] (C:\master\master_thesis\paper\introduction/introduction.tex
 1.
) [1



] (C:\master\master_thesis\paper\tools/tools.tex [2



]
 2.
[3] <tools/figures/opengl_pipeline.jpg, id=195, 689.57625pt x 486.31688pt>
File: tools/figures/opengl_pipeline.jpg Graphic file (type jpg)

<use tools/figures/opengl_pipeline.jpg>
Package pdftex.def Info: tools/figures/opengl_pipeline.jpg used on input line 3
1.
(pdftex.def)             Requested size: 412.56496pt x 290.96127pt.
 [4] [5 <C:/master/master_thesis/paper/tools/figures/opengl_pipeline.jpg>] [6]
<tools/figures/perspective_projection.png, id=227, 527.0892pt x 410.7345pt>
File: tools/figures/perspective_projection.png Graphic file (type png)

<use tools/figures/perspective_projection.png>
Package pdftex.def Info: tools/figures/perspective_projection.png used on input
 line 63.
(pdftex.def)             Requested size: 412.56496pt x 321.506pt.

<tools/figures/homogenous_space.png, id=228, 248.127pt x 285.2256pt>
File: tools/figures/homogenous_space.png Graphic file (type png)

<use tools/figures/homogenous_space.png>
Package pdftex.def Info: tools/figures/homogenous_space.png used on input line 
65.
(pdftex.def)             Requested size: 288.7942pt x 331.97171pt.
 [7 <C:/master/master_thesis/paper/tools/figures/perspective_projection.png>] [
8 <C:/master/master_thesis/paper/tools/figures/homogenous_space.png>]

LaTeX Warning: Reference `eq:depht_value' on page 9 undefined on input line 98.


<tools/figures/z_buffer_dist.png, id=244, 1027.84pt x 770.88pt>
File: tools/figures/z_buffer_dist.png Graphic file (type png)

<use tools/figures/z_buffer_dist.png>
Package pdftex.def Info: tools/figures/z_buffer_dist.png used on input line 100
.
(pdftex.def)             Requested size: 412.56496pt x 309.42871pt.
 [9] [10 <C:/master/master_thesis/paper/tools/figures/z_buffer_dist.png>]) [11]

(C:\master\master_thesis\paper\techniques/techniques.tex [12



]
 3.
<techniques/figures/screen_space.png, id=268, 630.10406pt x 465.99094pt>
File: techniques/figures/screen_space.png Graphic file (type png)

<use techniques/figures/screen_space.png>
Package pdftex.def Info: techniques/figures/screen_space.png used on input line
 16.
(pdftex.def)             Requested size: 288.7942pt x 213.57628pt.

<techniques/figures/spheres.png, id=279, 336.50719pt x 335.75438pt>
File: techniques/figures/spheres.png Graphic file (type png)

<use techniques/figures/spheres.png>
Package pdftex.def Info: techniques/figures/spheres.png used on input line 22.
(pdftex.def)             Requested size: 206.28247pt x 205.82426pt.
 [13]
<techniques/figures/spheres_no_smoothing.png, id=289, 481.8pt x 360.59718pt>
File: techniques/figures/spheres_no_smoothing.png Graphic file (type png)

<use techniques/figures/spheres_no_smoothing.png>
Package pdftex.def Info: techniques/figures/spheres_no_smoothing.png used on in
put line 39.
(pdftex.def)             Requested size: 288.7942pt x 216.15088pt.
 [14 <C:/master/master_thesis/paper/techniques/figures/screen_space.png>]
<techniques/figures/gaussian_filter_img.png, id=298, 339.51843pt x 191.9672pt>
File: techniques/figures/gaussian_filter_img.png Graphic file (type png)

<use techniques/figures/gaussian_filter_img.png>
Package pdftex.def Info: techniques/figures/gaussian_filter_img.png used on inp
ut line 43.
(pdftex.def)             Requested size: 288.7942pt x 163.29297pt.
 [15 <C:/master/master_thesis/paper/techniques/figures/spheres.png>] [16 <C:/ma
ster/master_thesis/paper/techniques/figures/spheres_no_smoothing.png> <C:/maste
r/master_thesis/paper/techniques/figures/gaussian_filter_img.png>]
<techniques/figures/bilateral_comp.png, id=317, 339.51843pt x 191.9672pt>
File: techniques/figures/bilateral_comp.png Graphic file (type png)

<use techniques/figures/bilateral_comp.png>
Package pdftex.def Info: techniques/figures/bilateral_comp.png used on input li
ne 61.
(pdftex.def)             Requested size: 288.7942pt x 163.29297pt.

<techniques/figures/edge_preservation.png, id=322, 339.51843pt x 191.9672pt>
File: techniques/figures/edge_preservation.png Graphic file (type png)

<use techniques/figures/edge_preservation.png>
Package pdftex.def Info: techniques/figures/edge_preservation.png used on input
 line 64.
(pdftex.def)             Requested size: 288.7942pt x 163.29297pt.
 [17 <C:/master/master_thesis/paper/techniques/figures/bilateral_comp.png>] [18
 <C:/master/master_thesis/paper/techniques/figures/edge_preservation.png>] [19]


Package amsmath Warning: Foreign command \over;
(amsmath)                \frac or \genfrac should be used instead
(amsmath)                 on input line 93.

<techniques/figures/metaballs.png, id=348, 702.625pt x 200.75pt>
File: techniques/figures/metaballs.png Graphic file (type png)

<use techniques/figures/metaballs.png>
Package pdftex.def Info: techniques/figures/metaballs.png used on input line 10
0.
(pdftex.def)             Requested size: 412.56496pt x 117.87784pt.
LaTeX Font Info:    Try loading font information for OMS+cmr on input line 105.

 (C:\miktex\tex\latex\base\omscmr.fd
File: omscmr.fd 1999/05/25 v2.5h Standard LaTeX font definitions
)
LaTeX Font Info:    Font shape `OMS/cmr/m/n' in size <10.95> not available
(Font)              Font shape `OMS/cmsy/m/n' tried instead on input line 105.

[20 <C:/master/master_thesis/paper/techniques/figures/metaballs.png (PNG copy)>
] [21]
<techniques/figures/fig_local_minima.png, id=366, 339.51843pt x 191.9672pt>
File: techniques/figures/fig_local_minima.png Graphic file (type png)

<use techniques/figures/fig_local_minima.png>
Package pdftex.def Info: techniques/figures/fig_local_minima.png used on input 
line 133.
(pdftex.def)             Requested size: 288.7942pt x 163.29297pt.
Missing character: There is no Å in font cmr10!
Missing character: There is no ¼ in font cmr10!
Missing character: There is no Å in font cmr10!
Missing character: There is no › in font cmr10!
 [22 <C:/master/master_thesis/paper/techniques/figures/fig_local_minima.png>]
<techniques/figures/normal_generation.png, id=374, 339.51843pt x 191.9672pt>
File: techniques/figures/normal_generation.png Graphic file (type png)

<use techniques/figures/normal_generation.png>
Package pdftex.def Info: techniques/figures/normal_generation.png used on input
 line 147.
(pdftex.def)             Requested size: 412.56496pt x 233.27986pt.
 [23] [24 <C:/master/master_thesis/paper/techniques/figures/normal_generation.p
ng>]) [25]
(C:\master\master_thesis\paper\thesis.bbl
(C:\master\master_thesis\paper\thesis.brf)
\tf@brf=\write6
 [26


]
Missing character: There is no â in font cmti7!
Missing character: There is no € in font cmti7!
Missing character: There is no “ in font cmti7!
)
Package atveryend Info: Empty hook `BeforeClearDocument' on input line 193.
 [27]
Package atveryend Info: Empty hook `AfterLastShipout' on input line 193.

(C:\master\master_thesis\paper\thesis.aux
(C:\master\master_thesis\paper\0_frontmatter/abstract.aux)
(C:\master\master_thesis\paper\introduction/introduction.aux)
(C:\master\master_thesis\paper\tools/tools.aux)
(C:\master\master_thesis\paper\techniques/techniques.aux))
Package atveryend Info: Executing hook `AtVeryEndDocument' on input line 193.
Package atveryend Info: Executing hook `AtEndAfterFileList' on input line 193.
Package rerunfilecheck Info: File `thesis.out' has not changed.
(rerunfilecheck)             Checksum: 4920BBF5BAB6896E09208C0EB15DC02D;2012.
Package rerunfilecheck Info: File `thesis.brf' has not changed.
(rerunfilecheck)             Checksum: 2693769F770D4896419950A446C656B4;1174.


LaTeX Warning: There were undefined references.


LaTeX Warning: There were multiply-defined labels.

 ) 
Here is how much of TeX's memory you used:
 8582 strings out of 494045
 126177 string characters out of 3155635
 225177 words of memory out of 3000000
 11594 multiletter control sequences out of 15000+200000
 14670 words of font info for 56 fonts, out of 3000000 for 9000
 715 hyphenation exceptions out of 8191
 43i,12n,48p,1795b,458s stack positions out of 5000i,500n,10000p,200000b,50000s
<C:/miktex/fonts/type1/public/amsfonts/cm/cmbx10.pfb><C:/miktex/fonts/type1/p
ublic/amsfonts/cm/cmbx12.pfb><C:/miktex/fonts/type1/public/amsfonts/cm/cmbx6.pf
b><C:/miktex/fonts/type1/public/amsfonts/cm/cmcsc10.pfb><C:/miktex/fonts/type1/
public/amsfonts/cm/cmex10.pfb><C:/miktex/fonts/type1/public/amsfonts/cm/cmmi10.
pfb><C:/miktex/fonts/type1/public/amsfonts/cm/cmmi6.pfb><C:/miktex/fonts/type1/
public/amsfonts/cm/cmmi8.pfb><C:/miktex/fonts/type1/public/amsfonts/cm/cmr10.pf
b><C:/miktex/fonts/type1/public/amsfonts/cm/cmr12.pfb><C:/miktex/fonts/type1/pu
blic/amsfonts/cm/cmr6.pfb><C:/miktex/fonts/type1/public/amsfonts/cm/cmr8.pfb><C
:/miktex/fonts/type1/public/amsfonts/cm/cmsy10.pfb><C:/miktex/fonts/type1/publi
c/amsfonts/cm/cmsy8.pfb><C:/miktex/fonts/type1/public/amsfonts/cm/cmti12.pfb><C
:/miktex/fonts/type1/public/amsfonts/cm/cmti7.pfb><C:/miktex/fonts/type1/public
/amsfonts/cm/cmtt10.pfb><C:/miktex/fonts/type1/public/amsfonts/cm/cmtt8.pfb>
Output written on thesis.pdf (31 pages, 1581812 bytes).
PDF statistics:
 504 PDF objects out of 1000 (max. 8388607)
 97 named destinations out of 1000 (max. 500000)
 303 words of extra memory for PDF output out of 10000 (max. 10000000)

