\BOOKMARK [0][]{chapter.1}{1 Introduction}{}% 1
\BOOKMARK [1][]{section.1.1}{1.1 Motivation}{chapter.1}% 2
\BOOKMARK [1][]{section.1.2}{1.2 State of the art}{chapter.1}% 3
\BOOKMARK [0][]{chapter.2}{2 Tools}{}% 4
\BOOKMARK [1][]{section.2.1}{2.1 Opengl}{chapter.2}% 5
\BOOKMARK [1][]{section.2.2}{2.2 boost}{chapter.2}% 6
\BOOKMARK [1][]{section.2.3}{2.3 PhysX}{chapter.2}% 7
\BOOKMARK [0][]{chapter.3}{3 Rendering techniques}{}% 8
\BOOKMARK [1][]{section.3.1}{3.1 Screen space}{chapter.3}% 9
\BOOKMARK [2][]{subsection.3.1.1}{3.1.1 Surface depth}{section.3.1}% 10
\BOOKMARK [2][]{subsection.3.1.2}{3.1.2 Smoothing}{section.3.1}% 11
\BOOKMARK [3][]{subsubsection.3.1.2.1}{3.1.2.1 Gaussian smoothing}{subsection.3.1.2}% 12
\BOOKMARK [3][]{subsubsection.3.1.2.2}{3.1.2.2 Curvature flow smoothing}{subsection.3.1.2}% 13
\BOOKMARK [2][]{subsection.3.1.3}{3.1.3 Thickness}{section.3.1}% 14
\BOOKMARK [2][]{subsection.3.1.4}{3.1.4 Rendering}{section.3.1}% 15
\BOOKMARK [1][]{section.3.2}{3.2 Isosurface extraction}{chapter.3}% 16
\BOOKMARK [2][]{subsection.3.2.1}{3.2.1 Overview}{section.3.2}% 17
\BOOKMARK [2][]{subsection.3.2.2}{3.2.2 Block subdivision}{section.3.2}% 18
\BOOKMARK [2][]{subsection.3.2.3}{3.2.3 Block processing}{section.3.2}% 19
\BOOKMARK [2][]{subsection.3.2.4}{3.2.4 Lookup cache}{section.3.2}% 20
\BOOKMARK [2][]{subsection.3.2.5}{3.2.5 Normals generation}{section.3.2}% 21
\BOOKMARK [2][]{subsection.3.2.6}{3.2.6 Multithreading}{section.3.2}% 22
\BOOKMARK [0][]{chapter*.12}{Bibliography}{}% 23
